        -:    0:Source:gcovTest.c
        -:    0:Graph:gcovTest.gcno
        -:    0:Data:gcovTest.gcda
        -:    0:Runs:4
        -:    0:Programs:1
        -:    1:#include <stdio.h>
        -:    2:#include <stdlib.h>
        -:    3:
        4:    4:int main()
        -:    5:{
        4:    6:	int x = 10;
        4:    7:	printf("\nEnter x value\n");
        4:    8:	scanf("%d", &x);
        -:    9:
        4:   10:	if(x < 20)
        1:   11:		printf("\nx is less than 20");
        3:   12:	else if(x < 40)
        1:   13:		printf("\nX is less than 40");
        -:   14:	else
        2:   15:		printf("\nX is greater than 40");
        -:   16:	
        4:   17:	printf("\n\n");
        4:   18:return EXIT_SUCCESS;
        -:   19:}
